### ISSUE TITLE
fs: preadv failing on armv7

### ISSUE THREAD

**Issue by santigimeno** [libuv/libuv#4532]
This is a strange issue. When running on the Node.js armv7 build bots, the [preadv tests are failing](https://ci.nodejs.org/job/node-test-commit-arm/nodes=ubuntu2204-armv7l/54701/#showFailuresLink). In fact `preadv` returns `EINVAL` even though the arguments are correct. I was adding some debug statements to the `uv__preadv_or_pwritev()` method when suddenly with this specific modifications it started working. At the moment I cannot add more info as I cannot run `strace` nor a debugger in that specific environment
```
diff --git a/deps/uv/src/unix/fs.c b/deps/uv/src/unix/fs.c
index 4a4e2e3ad85..2fa80733293 100644
--- a/deps/uv/src/unix/fs.c
+++ b/deps/uv/src/unix/fs.c
@@ -477,13 +477,17 @@ static ssize_t uv__preadv_or_pwritev(int fd,
     p = dlsym(RTLD_DEFAULT, is_pread ? "preadv" : "pwritev");
     dlerror();  /* Clear errors. */
 #endif  /* RTLD_DEFAULT */
+    fprintf(stderr, "p: %p\n", p);
     if (p == NULL)
       p = is_pread ? uv__preadv_emul : uv__pwritev_emul;
     atomic_store_explicit(cache, (uintptr_t) p, memory_order_relaxed);
   }
 
   f = p;
-  return f(fd, bufs, nbufs, off);
+  ssize_t r = f(fd, bufs, nbufs, off);
+  fprintf(stderr, "fd: %d. r: %d\n", fd, r);
+  return r;
+  //return f(fd, bufs, nbufs, off);
 }
```
It looks like a compiler optimization going wrong but I don't know what to look at next. Any ideas? /cc @bnoordhuis

**Comment by bnoordhuis** [comment]
Perhaps one thing to try is change memory_order_relaxed to memory_order_seq_cst and see if that makes a difference, i.e.:
```diff
diff --git a/src/unix/fs.c b/src/unix/fs.c
index 4a4e2e3a..b3d371b4 100644
--- a/src/unix/fs.c
+++ b/src/unix/fs.c
@@ -471,7 +471,7 @@ static ssize_t uv__preadv_or_pwritev(int fd,
   ssize_t (*f)(int, const struct iovec*, uv__iovcnt, off_t);
   void* p;
 
-  p = (void*) atomic_load_explicit(cache, memory_order_relaxed);
+  p = (void*) atomic_load_explicit(cache, memory_order_seq_cst);
   if (p == NULL) {
 #ifdef RTLD_DEFAULT
     p = dlsym(RTLD_DEFAULT, is_pread ? "preadv" : "pwritev");
@@ -479,7 +479,7 @@ static ssize_t uv__preadv_or_pwritev(int fd,
 #endif  /* RTLD_DEFAULT */
     if (p == NULL)
       p = is_pread ? uv__preadv_emul : uv__pwritev_emul;
-    atomic_store_explicit(cache, (uintptr_t) p, memory_order_relaxed);
+    atomic_store_explicit(cache, (uintptr_t) p, memory_order_seq_cst);
   }
 
   f = p;
```

**Comment by santigimeno** [comment]
Unfortunately, it didn't work.

**Comment by bnoordhuis** [comment]
Would it be possible to get a disassembly of that function (the original one, unpatched)? I think you should be able to download the build artifacts somewhere but I don't remember where and I can't find it :see_no_evil:

**Comment by santigimeno** [comment]
So I've using `objdump` (it's the first time I'm doing this so bear with me):
```
$ objdump -S --disassemble=uv__preadv_or_pwritev ./out/Release/obj.target/deps/uv/libuv.a
```
And interestingly it looks like when my changes are applied the disassembled code is found, but not with the original code. It seems the compiler doesn't inline the code with my additional changes. That doesn't explain the failures though.
Here's the assembled code:
<details>
  <summary>uv__preadv_or_pwritev</summary>

```
0000014c <uv__preadv_or_pwritev>:
static ssize_t uv__preadv_or_pwritev(int fd,
                                     const struct iovec* bufs,
                                     size_t nbufs,
                                     off_t off,
                                     _Atomic uintptr_t* cache,
                                     int is_pread) {
     14c:	e92d 4ff0 	stmdb	sp!, {r4, r5, r6, r7, r8, r9, sl, fp, lr}
     150:	4605      	mov	r5, r0
     152:	f8df a0c0 	ldr.w	sl, [pc, #192]	; 214 <uv__preadv_or_pwritev+0xc8>
     156:	b083      	sub	sp, #12
     158:	af02      	add	r7, sp, #8
     15a:	460e      	mov	r6, r1
     15c:	4690      	mov	r8, r2
     15e:	44fa      	add	sl, pc
     160:	f8d7 9030 	ldr.w	r9, [r7, #48]	; 0x30
  ssize_t (*f)(int, const struct iovec*, uv__iovcnt, off_t);
  void* p;

  p = (void*) atomic_load_explicit(cache, memory_order_relaxed);
     164:	f8d9 0000 	ldr.w	r0, [r9]
  if (p == NULL) {
     168:	b1d0      	cbz	r0, 1a0 <uv__preadv_or_pwritev+0x54>
     16a:	4b2b      	ldr	r3, [pc, #172]	; (218 <uv__preadv_or_pwritev+0xcc>)
    if (p == NULL)
      p = is_pread ? uv__preadv_emul : uv__pwritev_emul;
    atomic_store_explicit(cache, (uintptr_t) p, memory_order_relaxed);
  }

  f = p;
     16c:	4604      	mov	r4, r0
     16e:	f85a a003 	ldr.w	sl, [sl, r3]
  ssize_t r = f(fd, bufs, nbufs, off);
     172:	e9d7 230a 	ldrd	r2, r3, [r7, #40]	; 0x28
     176:	e9cd 2300 	strd	r2, r3, [sp]
     17a:	4631      	mov	r1, r6
     17c:	4642      	mov	r2, r8
     17e:	4628      	mov	r0, r5
     180:	47a0      	blx	r4

# ifdef __va_arg_pack
__fortify_function int
fprintf (FILE *__restrict __stream, const char *__restrict __fmt, ...)
{
  return __fprintf_chk (__stream, __USE_FORTIFY_LEVEL - 1, __fmt,
     182:	4a26      	ldr	r2, [pc, #152]	; (21c <uv__preadv_or_pwritev+0xd0>)
     184:	4604      	mov	r4, r0
     186:	462b      	mov	r3, r5
     188:	f8da 0000 	ldr.w	r0, [sl]
     18c:	447a      	add	r2, pc
     18e:	2101      	movs	r1, #1
     190:	9400      	str	r4, [sp, #0]
     192:	f7ff fffe 	bl	0 <__fprintf_chk>
  fprintf(stderr, "fd: %d. r: %d\n", fd, r);
  return r;
  //return f(fd, bufs, nbufs, off);
}
     196:	4620      	mov	r0, r4
     198:	3704      	adds	r7, #4
     19a:	46bd      	mov	sp, r7
     19c:	e8bd 8ff0 	ldmia.w	sp!, {r4, r5, r6, r7, r8, r9, sl, fp, pc}
    p = dlsym(RTLD_DEFAULT, is_pread ? "preadv" : "pwritev");
     1a0:	6b7b      	ldr	r3, [r7, #52]	; 0x34
     1a2:	b1c3      	cbz	r3, 1d6 <uv__preadv_or_pwritev+0x8a>
     1a4:	491e      	ldr	r1, [pc, #120]	; (220 <uv__preadv_or_pwritev+0xd4>)
     1a6:	4479      	add	r1, pc
     1a8:	f7ff fffe 	bl	0 <dlsym>
     1ac:	4683      	mov	fp, r0
    dlerror();  /* Clear errors. */
     1ae:	f7ff fffe 	bl	0 <dlerror>
    fprintf(stderr, "p: %p\n", p);
     1b2:	4b19      	ldr	r3, [pc, #100]	; (218 <uv__preadv_or_pwritev+0xcc>)
     1b4:	4a1b      	ldr	r2, [pc, #108]	; (224 <uv__preadv_or_pwritev+0xd8>)
     1b6:	2101      	movs	r1, #1
     1b8:	447a      	add	r2, pc
     1ba:	f85a a003 	ldr.w	sl, [sl, r3]
     1be:	465b      	mov	r3, fp
     1c0:	f8da 0000 	ldr.w	r0, [sl]
     1c4:	f7ff fffe 	bl	0 <__fprintf_chk>
    if (p == NULL)
     1c8:	f1bb 0f00 	cmp.w	fp, #0
     1cc:	d01d      	beq.n	20a <uv__preadv_or_pwritev+0xbe>
  f = p;
     1ce:	465c      	mov	r4, fp
    atomic_store_explicit(cache, (uintptr_t) p, memory_order_relaxed);
     1d0:	f8c9 b000 	str.w	fp, [r9]
     1d4:	e7cd      	b.n	172 <uv__preadv_or_pwritev+0x26>
    p = dlsym(RTLD_DEFAULT, is_pread ? "preadv" : "pwritev");
     1d6:	4914      	ldr	r1, [pc, #80]	; (228 <uv__preadv_or_pwritev+0xdc>)
     1d8:	4618      	mov	r0, r3
     1da:	4479      	add	r1, pc
     1dc:	f7ff fffe 	bl	0 <dlsym>
     1e0:	4683      	mov	fp, r0
    dlerror();  /* Clear errors. */
     1e2:	f7ff fffe 	bl	0 <dlerror>
    fprintf(stderr, "p: %p\n", p);
     1e6:	4b0c      	ldr	r3, [pc, #48]	; (218 <uv__preadv_or_pwritev+0xcc>)
     1e8:	4a10      	ldr	r2, [pc, #64]	; (22c <uv__preadv_or_pwritev+0xe0>)
     1ea:	2101      	movs	r1, #1
     1ec:	447a      	add	r2, pc
     1ee:	f85a a003 	ldr.w	sl, [sl, r3]
     1f2:	465b      	mov	r3, fp
     1f4:	f8da 0000 	ldr.w	r0, [sl]
     1f8:	f7ff fffe 	bl	0 <__fprintf_chk>
    if (p == NULL)
     1fc:	f1bb 0f00 	cmp.w	fp, #0
     200:	d1e5      	bne.n	1ce <uv__preadv_or_pwritev+0x82>
     202:	4c0b      	ldr	r4, [pc, #44]	; (230 <uv__preadv_or_pwritev+0xe4>)
     204:	447c      	add	r4, pc
      p = is_pread ? uv__preadv_emul : uv__pwritev_emul;
     206:	46a3      	mov	fp, r4
     208:	e7e2      	b.n	1d0 <uv__preadv_or_pwritev+0x84>
    if (p == NULL)
     20a:	4c0a      	ldr	r4, [pc, #40]	; (234 <uv__preadv_or_pwritev+0xe8>)
     20c:	447c      	add	r4, pc
      p = is_pread ? uv__preadv_emul : uv__pwritev_emul;
     20e:	46a3      	mov	fp, r4
     210:	e7de      	b.n	1d0 <uv__preadv_or_pwritev+0x84>
     212:	bf00      	nop
     214:	000000b2 	.word	0x000000b2
     218:	00000000 	.word	0x00000000
     21c:	0000008c 	.word	0x0000008c
     220:	00000076 	.word	0x00000076
     224:	00000068 	.word	0x00000068
     228:	0000004a 	.word	0x0000004a
     22c:	0000003c 	.word	0x0000003c
     230:	00000028 	.word	0x00000028
     234:	00000024 	.word	0x00000024
```
</details>

With the original code, the code in the function seems to be inlined for `copyfile` ,  `writev` and `readv` though I'm not sure how to extract it. I'll try to provide the full dump for both cases.

**Comment by santigimeno** [comment]
These are the objdumps.
[libuv_objdump_fail.txt](https://github.com/user-attachments/files/17005813/libuv_objdump_fail.txt)
[libuv_objdump_ok.txt](https://github.com/user-attachments/files/17005812/libuv_objdump_ok.txt)

**Comment by bnoordhuis** [comment]
I've looked at both asm listings for some time now and I still have no idea why one works and the other doesn't :shrug:

**Comment by santigimeno** [comment]
So now that `gdb` has been installed in the instance (thanks @richardlau ) I've been able to see what's going on though I don't understand why.
See the assembly code that calls `preadv()`:

<details>
  <summary>failing asm</summary>

```
Thread 1 "node" hit Breakpoint 1, uv__preadv_or_pwritev (is_pread=1, cache=0x5c1da20 <cache>, off=0, nbufs=<optimized out>, bufs=0xffe14d2c, fd=19) at ../deps/uv/src/unix/fs.c:486
486	  ssize_t r = f(fd, bufs, nbufs, off);
=> 0x0204f120 <uv__fs_work+3520>:	49 46	mov	r1, r9
   0x0204f122 <uv__fs_work+3522>:	cd e9 00 56	strd	r5, r6, [sp]
   0x0204f126 <uv__fs_work+3526>:	58 46	mov	r0, r11
   0x0204f128 <uv__fs_work+3528>:	ba 63	str	r2, [r7, #56]	; 0x38
   0x0204f12a <uv__fs_work+3530>:	98 47	blx	r3
(gdb) info registers 
r0             0x0                 0
r1             0x5c1da10           96590352
r2             0x2                 2
r3             0xf75ac2d9          4149920473
r4             0xf75ac2d9          4149920473
r5             0x0                 0
r6             0x0                 0
r7             0xffe14a28          4292954664
r8             0xf786f64c          4152817228
r9             0xffe14d2c          4292955436
r10            0x1                 1
r11            0x13                19
r12            0x5be66cc           96364236
sp             0xffe14a10          0xffe14a10
lr             0x204f113           33878291
pc             0x204f120           0x204f120 <uv__fs_work+3520>
cpsr           0xa00b0030          -1609891792
fpscr          0x80000011          -2147483631
(gdb) step
__GI_preadv (fd=19, vector=0xffe14d2c, count=2, offset=-145046823) at ../sysdeps/unix/sysv/linux/preadv.c:27
```
</details>

<details>
  <summary>succeeding asm</summary>

```
Thread 1 "node" hit Breakpoint 1, uv__preadv_or_pwritev (fd=fd@entry=19, bufs=bufs@entry=0xff89ecac, nbufs=2, off=<optimized out>, cache=<optimized out>, is_pread=<optimized out>, is_pread@entry=1) at ../deps/uv/src/unix/fs.c:487
487	  ssize_t r = f(fd, bufs, nbufs, off);
=> 0x02145aea <uv__preadv_or_pwritev+46>:	42 46	mov	r2, r8
   0x02145aec <uv__preadv_or_pwritev+48>:	31 46	mov	r1, r6
   0x02145aee <uv__preadv_or_pwritev+50>:	28 46	mov	r0, r5
   0x02145af0 <uv__preadv_or_pwritev+52>:	8d ed 00 8b	vstr	d8, [sp]
   0x02145af4 <uv__preadv_or_pwritev+56>:	a0 47	blx	r4
(gdb) info registers 
r0             0xe                 14
r1             0xff89e944          4287228228
r2             0x0                 0
r3             0x0                 0
r4             0xf78ec2d9          4153328345
r5             0x13                19
r6             0xff89ecac          4287229100
r7             0xff89e990          4287228304
r8             0x2                 2
r9             0x5d15a20           97606176
r10            0xf795edf0          4153798128
r11            0xf78ec2d9          4153328345
r12            0x4                 4
sp             0xff89e978          0xff89e978
lr             0x2145b49           34888521
pc             0x2145aea           0x2145aea <uv__preadv_or_pwritev+46>
cpsr           0xa00b0030          -1609891792
fpscr          0x80000011          -2147483631
```
</details>

When it's failing, we can see that the 4th argument (`off_t off`) is not correctly set. Instead it looks like `r3` is used to store the address of the `preadv()` function.

Thoughts? Ideas how to continue debugging this?

**Comment by vtjnash** [comment]
The calling convention for that argument has likely changed several times over various recent gcc versions (due to alignment and other concerns). Are we definitely using the same compiler everywhere, including for libc?

**Comment by santigimeno** [comment]
This is an armhf container running on an arm host. The container runs an Ubuntu 22.04 which defaults to gcc-11 but we're building Node.js with gcc-12. Might that be the problem?

**Comment by bnoordhuis** [comment]
The arm calling convention uses r0-r3 for the first four arguments, other arguments go on the stack.

off_t is 64 bits and it's the 4th argument so I think one half goes on the stack and the other in r3.

I checked with arm-linux-gnueabihf-gcc-11 and arm-linux-gnueabihf-gcc-12 and they produce functionally identical code except with different offsets for `uv__preadv_or_pwritev` - and it indeed branches on `blx r3`.

I get the feeling that's a compiler bug because with the sample below, at any optimization level, it correctly uses r0-r3 for arguments and emits `blx r4` for the function pointer call.
```c
#define _FILE_OFFSET_BITS 64
#define _LARGEFILE_SOURCE
#include <sys/uio.h>
__attribute__((noinline)) ssize_t g(ssize_t (*f)(int, const struct iovec *, int, off_t)) {
        static char b[64];
        return f(0, &(struct iovec){&b,sizeof(b)}, 1, (off_t)0x1122334455667788ll);
}
int main(void) {
        return g(preadv);
}
```
Using memcpy makes it emit `blx r4` though:
```diff
diff --git a/src/unix/fs.c b/src/unix/fs.c
index 4a4e2e3a..f5d5d476 100644
--- a/src/unix/fs.c
+++ b/src/unix/fs.c
@@ -482,7 +482,7 @@ static ssize_t uv__preadv_or_pwritev(int fd,
     atomic_store_explicit(cache, (uintptr_t) p, memory_order_relaxed);
   }
 
-  f = p;
+  memcpy(&f, &p, sizeof(p));
   return f(fd, bufs, nbufs, off);
 }
 
```
I suspect the compiler's alias analysis pass gets confused somehow, even though we definitely compile with `-fno-strict-aliasing`. I'll open a pull request.

**Comment by santigimeno** [comment]
So #4537 didn't fix the issue. Sorry I approved the PR without testing  but didn't have time to do it until today. This is the assembly output I get (still branches on `blx r3`):
```
Thread 1 "node" hit Breakpoint 1, uv__preadv_or_pwritev (is_pread=1, cache=0x5fa2a20 <cache>, off=0, nbufs=2, bufs=0xffe6824c, fd=19) at ../deps/uv/src/unix/fs.c:486
486	  return f(fd, bufs, nbufs, off);
=> 0x023d4094 <uv__fs_work+3380>:	22 46	mov	r2, r4
   0x023d4096 <uv__fs_work+3382>:	29 46	mov	r1, r5
   0x023d4098 <uv__fs_work+3384>:	40 46	mov	r0, r8
   0x023d409a <uv__fs_work+3386>:	cd e9 00 6a	strd	r6, r10, [sp]
   0x023d409e <uv__fs_work+3390>:	98 47	blx	r3
   0x023d40a0 <uv__fs_work+3392>:	04 46	mov	r4, r0
```

**Comment by bnoordhuis** [comment]
With what gcc version is that? I've tested with these two:

- gcc version 11.4.0 (Ubuntu 11.4.0-1ubuntu1~22.04)
- gcc version 12.3.0 (Ubuntu 12.3.0-1ubuntu1~22.04)

Both first produced the wrong code and now produce the right code.

**Comment by santigimeno** [comment]
gcc version 12.3.0 (Ubuntu 12.3.0-1ubuntu1~22.04)

**Comment by bnoordhuis** [comment]
Huh, the exact same compiler? How did you build: standalone or as part of node? If the latter, can you try the former?

**Comment by bnoordhuis** [comment]
Can you try if this works?
```diff
diff --git a/src/unix/fs.c b/src/unix/fs.c
index 6d810deb..669b2f4a 100644
--- a/src/unix/fs.c
+++ b/src/unix/fs.c
@@ -468,7 +468,10 @@ static ssize_t uv__preadv_or_pwritev(int fd,
                                      off_t off,
                                      _Atomic uintptr_t* cache,
                                      int is_pread) {
-  ssize_t (*f)(int, const struct iovec*, uv__iovcnt, off_t);
+  /* Volatile to work around a compiler bug,
+   * see https://github.com/libuv/libuv/issues/4532
+   */
+  ssize_t (*volatile f)(int, const struct iovec*, uv__iovcnt, off_t);
   void* p;
 
   p = (void*) atomic_load_explicit(cache, memory_order_relaxed);
@@ -482,10 +485,7 @@ static ssize_t uv__preadv_or_pwritev(int fd,
     atomic_store_explicit(cache, (uintptr_t) p, memory_order_relaxed);
   }
 
-  /* Use memcpy instead of `f = p` to work around a compiler bug,
-   * see https://github.com/libuv/libuv/issues/4532
-   */
-  memcpy(&f, &p, sizeof(p));
+  f = p;
   return f(fd, bufs, nbufs, off);
 }
 
```

**Comment by santigimeno** [comment]
> former

As part of node. I'll try standalone.

**Comment by santigimeno** [comment]
I think I already tried the volatile thing, but I'll do it again

**Comment by santigimeno** [comment]
Unfortunately, using `volatile` doesn't fix it either:
```
Thread 1 "node" hit Breakpoint 1, uv__preadv_or_pwritev (is_pread=1, cache=0x61f7a20 <cache>, off=0, nbufs=2, bufs=0xffe4fd4c, fd=19) at ../deps/uv/src/unix/fs.c:486
486	  f = p;
=> 0x02629006 <uv__fs_work+3238>:	38 63	str	r0, [r7, #48]	; 0x30
(gdb) n
487	  return f(fd, bufs, nbufs, off);
=> 0x02629008 <uv__fs_work+3240>:	22 46	mov	r2, r4
   0x0262900a <uv__fs_work+3242>:	cd e9 00 89	strd	r8, r9, [sp]
   0x0262900e <uv__fs_work+3246>:	29 46	mov	r1, r5
   0x02629010 <uv__fs_work+3248>:	30 46	mov	r0, r6
   0x02629012 <uv__fs_work+3250>:	3b 6b	ldr	r3, [r7, #48]	; 0x30
   0x02629014 <uv__fs_work+3252>:	98 47	blx	r3
   0x02629016 <uv__fs_work+3254>:	04 46	mov	r4, r0
```

**Comment by bnoordhuis** [comment]
Compiler bugs are gonna bug, what can you do? Node's CI being green again (metaphorically speaking - it's never _completely_ green) is good enough for me. We could perhaps also add a warning to the README.

**Comment by santigimeno** [comment]
Added the warning in the README: https://github.com/libuv/libuv/pull/4541
